<?xml version="1.0" encoding="UTF-8"?>
<testng-results skipped="0" failed="1" ignored="0" total="5" passed="4">
  <reporter-output>
  </reporter-output>
  <suite name="RegressionSuite" duration-ms="105757" started-at="2019-02-12T20:49:47Z" finished-at="2019-02-12T20:51:33Z">
    <groups>
    </groups>
    <test name="Test" duration-ms="105757" started-at="2019-02-12T20:49:47Z" finished-at="2019-02-12T20:51:33Z">
      <class name="com.crm.qa.testcases.HomePageTest">
        <test-method status="PASS" signature="setup()[pri:0, instance:com.crm.qa.testcases.HomePageTest@47c62251]" name="setup" is-config="true" duration-ms="18010" started-at="2019-02-13T02:19:47Z" finished-at="2019-02-13T02:20:05Z">
          <reporter-output>
          </reporter-output>
        </test-method> <!-- setup -->
        <test-method status="FAIL" signature="verifyHomePageTitleTest()[pri:1, instance:com.crm.qa.testcases.HomePageTest@47c62251]" name="verifyHomePageTitleTest" duration-ms="26" started-at="2019-02-13T02:20:05Z" finished-at="2019-02-13T02:20:05Z">
          <exception class="java.lang.AssertionError">
            <message>
              <![CDATA[Home page title not matched expected [CRMPR] but found [CRMPRO]]]>
            </message>
            <full-stacktrace>
              <![CDATA[java.lang.AssertionError: Home page title not matched expected [CRMPR] but found [CRMPRO]
	at org.testng.Assert.fail(Assert.java:93)
	at org.testng.Assert.failNotEquals(Assert.java:512)
	at org.testng.Assert.assertEqualsImpl(Assert.java:134)
	at org.testng.Assert.assertEquals(Assert.java:115)
	at org.testng.Assert.assertEquals(Assert.java:189)
	at com.crm.qa.testcases.HomePageTest.verifyHomePageTitleTest(HomePageTest.java:55)
	at sun.reflect.NativeMethodAccessorImpl.invoke0(Native Method)
	at sun.reflect.NativeMethodAccessorImpl.invoke(Unknown Source)
	at sun.reflect.DelegatingMethodAccessorImpl.invoke(Unknown Source)
	at java.lang.reflect.Method.invoke(Unknown Source)
	at org.testng.internal.MethodInvocationHelper.invokeMethod(MethodInvocationHelper.java:108)
	at org.testng.internal.Invoker.invokeMethod(Invoker.java:661)
	at org.testng.internal.Invoker.invokeTestMethod(Invoker.java:869)
	at org.testng.internal.Invoker.invokeTestMethods(Invoker.java:1193)
	at org.testng.internal.TestMethodWorker.invokeTestMethods(TestMethodWorker.java:126)
	at org.testng.internal.TestMethodWorker.run(TestMethodWorker.java:109)
	at org.testng.TestRunner.privateRun(TestRunner.java:744)
	at org.testng.TestRunner.run(TestRunner.java:602)
	at org.testng.SuiteRunner.runTest(SuiteRunner.java:380)
	at org.testng.SuiteRunner.runSequentially(SuiteRunner.java:375)
	at org.testng.SuiteRunner.privateRun(SuiteRunner.java:340)
	at org.testng.SuiteRunner.run(SuiteRunner.java:289)
	at org.testng.SuiteRunnerWorker.runSuite(SuiteRunnerWorker.java:52)
	at org.testng.SuiteRunnerWorker.run(SuiteRunnerWorker.java:86)
	at org.testng.TestNG.runSuitesSequentially(TestNG.java:1301)
	at org.testng.TestNG.runSuitesLocally(TestNG.java:1226)
	at org.testng.TestNG.runSuites(TestNG.java:1144)
	at org.testng.TestNG.run(TestNG.java:1115)
	at org.testng.remote.AbstractRemoteTestNG.run(AbstractRemoteTestNG.java:114)
	at org.testng.remote.RemoteTestNG.initAndRun(RemoteTestNG.java:251)
	at org.testng.remote.RemoteTestNG.main(RemoteTestNG.java:77)
]]>
            </full-stacktrace>
          </exception> <!-- java.lang.AssertionError -->
          <reporter-output>
          </reporter-output>
        </test-method> <!-- verifyHomePageTitleTest -->
        <test-method status="PASS" signature="tearDown()[pri:0, instance:com.crm.qa.testcases.HomePageTest@47c62251]" name="tearDown" is-config="true" duration-ms="734" started-at="2019-02-13T02:20:05Z" finished-at="2019-02-13T02:20:06Z">
          <reporter-output>
          </reporter-output>
        </test-method> <!-- tearDown -->
        <test-method status="PASS" signature="setup()[pri:0, instance:com.crm.qa.testcases.HomePageTest@47c62251]" name="setup" is-config="true" duration-ms="18670" started-at="2019-02-13T02:20:06Z" finished-at="2019-02-13T02:20:25Z">
          <reporter-output>
          </reporter-output>
        </test-method> <!-- setup -->
        <test-method status="PASS" signature="verifyUsernameTest()[pri:2, instance:com.crm.qa.testcases.HomePageTest@47c62251]" name="verifyUsernameTest" duration-ms="5126" started-at="2019-02-13T02:20:25Z" finished-at="2019-02-13T02:20:30Z">
          <reporter-output>
          </reporter-output>
        </test-method> <!-- verifyUsernameTest -->
        <test-method status="PASS" signature="tearDown()[pri:0, instance:com.crm.qa.testcases.HomePageTest@47c62251]" name="tearDown" is-config="true" duration-ms="682" started-at="2019-02-13T02:20:30Z" finished-at="2019-02-13T02:20:31Z">
          <reporter-output>
          </reporter-output>
        </test-method> <!-- tearDown -->
        <test-method status="PASS" signature="setup()[pri:0, instance:com.crm.qa.testcases.HomePageTest@47c62251]" name="setup" is-config="true" duration-ms="18132" started-at="2019-02-13T02:20:31Z" finished-at="2019-02-13T02:20:49Z">
          <reporter-output>
          </reporter-output>
        </test-method> <!-- setup -->
        <test-method status="PASS" signature="verifContactsLinkTest()[pri:3, instance:com.crm.qa.testcases.HomePageTest@47c62251]" name="verifContactsLinkTest" duration-ms="1372" started-at="2019-02-13T02:20:49Z" finished-at="2019-02-13T02:20:50Z">
          <reporter-output>
          </reporter-output>
        </test-method> <!-- verifContactsLinkTest -->
        <test-method status="PASS" signature="tearDown()[pri:0, instance:com.crm.qa.testcases.HomePageTest@47c62251]" name="tearDown" is-config="true" duration-ms="742" started-at="2019-02-13T02:20:50Z" finished-at="2019-02-13T02:20:51Z">
          <reporter-output>
          </reporter-output>
        </test-method> <!-- tearDown -->
        <test-method status="PASS" signature="setup()[pri:0, instance:com.crm.qa.testcases.HomePageTest@47c62251]" name="setup" is-config="true" duration-ms="17247" started-at="2019-02-13T02:20:51Z" finished-at="2019-02-13T02:21:08Z">
          <reporter-output>
          </reporter-output>
        </test-method> <!-- setup -->
        <test-method status="PASS" signature="verfiyDealsLinkTest()[pri:4, instance:com.crm.qa.testcases.HomePageTest@47c62251]" name="verfiyDealsLinkTest" duration-ms="1369" started-at="2019-02-13T02:21:08Z" finished-at="2019-02-13T02:21:10Z">
          <reporter-output>
          </reporter-output>
        </test-method> <!-- verfiyDealsLinkTest -->
        <test-method status="PASS" signature="tearDown()[pri:0, instance:com.crm.qa.testcases.HomePageTest@47c62251]" name="tearDown" is-config="true" duration-ms="727" started-at="2019-02-13T02:21:10Z" finished-at="2019-02-13T02:21:10Z">
          <reporter-output>
          </reporter-output>
        </test-method> <!-- tearDown -->
        <test-method status="PASS" signature="setup()[pri:0, instance:com.crm.qa.testcases.HomePageTest@47c62251]" name="setup" is-config="true" duration-ms="20264" started-at="2019-02-13T02:21:10Z" finished-at="2019-02-13T02:21:31Z">
          <reporter-output>
          </reporter-output>
        </test-method> <!-- setup -->
        <test-method status="PASS" signature="verfiyTasksLinkTest()[pri:5, instance:com.crm.qa.testcases.HomePageTest@47c62251]" name="verfiyTasksLinkTest" duration-ms="1421" started-at="2019-02-13T02:21:31Z" finished-at="2019-02-13T02:21:32Z">
          <reporter-output>
          </reporter-output>
        </test-method> <!-- verfiyTasksLinkTest -->
        <test-method status="PASS" signature="tearDown()[pri:0, instance:com.crm.qa.testcases.HomePageTest@47c62251]" name="tearDown" is-config="true" duration-ms="715" started-at="2019-02-13T02:21:32Z" finished-at="2019-02-13T02:21:33Z">
          <reporter-output>
          </reporter-output>
        </test-method> <!-- tearDown -->
      </class> <!-- com.crm.qa.testcases.HomePageTest -->
    </test> <!-- Test -->
  </suite> <!-- RegressionSuite -->
</testng-results>
